
*** Running vivado
    with args -log calculadora.vds -m64 -product Vivado -mode batch -messageDb vivado.pb -notrace -source calculadora.tcl



****** Vivado v2020.1 (64-bit)
  **** SW Build 2902540 on Wed May 27 19:54:49 MDT 2020
  **** IP Build 2902112 on Wed May 27 22:43:36 MDT 2020
    ** Copyright 1986-2020 Xilinx, Inc. All Rights Reserved.

source calculadora.tcl -notrace
Command: synth_design -top calculadora -part xc7z020clg400-1
Starting synth_design
Attempting to get a license for feature 'Synthesis' and/or device 'xc7z020'
INFO: [Common 17-349] Got license for feature 'Synthesis' and/or device 'xc7z020'
INFO: [Device 21-403] Loading part xc7z020clg400-1
INFO: [Synth 8-7079] Multithreading enabled for synth_design using a maximum of 2 processes.
INFO: [Synth 8-7078] Launching helper process for spawning children vivado processes
INFO: [Synth 8-7075] Helper process launched with PID 5940
---------------------------------------------------------------------------------
Starting RTL Elaboration : Time (s): cpu = 00:00:06 ; elapsed = 00:00:07 . Memory (MB): peak = 1016.203 ; gain = 0.000
---------------------------------------------------------------------------------
INFO: [Synth 8-638] synthesizing module 'calculadora' [C:/Users/Utilizador/Desktop/calculadora/calculadora_final/calculadora_final.srcs/sources_1/new/calculadora.vhd:16]
INFO: [Synth 8-3491] module 'statemachine' declared at 'C:/Users/Utilizador/Desktop/calculadora/calculadora_final/calculadora_final.srcs/sources_1/new/statemachine.vhd:6' bound to instance 'statemachine1' of component 'statemachine' [C:/Users/Utilizador/Desktop/calculadora/calculadora_final/calculadora_final.srcs/sources_1/new/calculadora.vhd:64]
INFO: [Synth 8-638] synthesizing module 'statemachine' [C:/Users/Utilizador/Desktop/calculadora/calculadora_final/calculadora_final.srcs/sources_1/new/statemachine.vhd:18]
INFO: [Synth 8-256] done synthesizing module 'statemachine' (1#1) [C:/Users/Utilizador/Desktop/calculadora/calculadora_final/calculadora_final.srcs/sources_1/new/statemachine.vhd:18]
INFO: [Synth 8-3491] module 'ALU' declared at 'C:/Users/Utilizador/Desktop/calculadora/calculadora_final/calculadora_final.srcs/sources_1/new/ALU.vhd:6' bound to instance 'ALU1' of component 'ALU' [C:/Users/Utilizador/Desktop/calculadora/calculadora_final/calculadora_final.srcs/sources_1/new/calculadora.vhd:65]
INFO: [Synth 8-638] synthesizing module 'ALU' [C:/Users/Utilizador/Desktop/calculadora/calculadora_final/calculadora_final.srcs/sources_1/new/ALU.vhd:14]
INFO: [Synth 8-256] done synthesizing module 'ALU' (2#1) [C:/Users/Utilizador/Desktop/calculadora/calculadora_final/calculadora_final.srcs/sources_1/new/ALU.vhd:14]
INFO: [Synth 8-3491] module 'clk_divider' declared at 'C:/Users/Utilizador/Desktop/calculadora/calculadora_final/calculadora_final.srcs/sources_1/new/clk_divider.vhd:6' bound to instance 'clk_divider1' of component 'clk_divider' [C:/Users/Utilizador/Desktop/calculadora/calculadora_final/calculadora_final.srcs/sources_1/new/calculadora.vhd:66]
INFO: [Synth 8-638] synthesizing module 'clk_divider' [C:/Users/Utilizador/Desktop/calculadora/calculadora_final/calculadora_final.srcs/sources_1/new/clk_divider.vhd:14]
INFO: [Synth 8-256] done synthesizing module 'clk_divider' (3#1) [C:/Users/Utilizador/Desktop/calculadora/calculadora_final/calculadora_final.srcs/sources_1/new/clk_divider.vhd:14]
INFO: [Synth 8-3491] module 'display_mux' declared at 'C:/Users/Utilizador/Desktop/calculadora/calculadora_final/calculadora_final.srcs/sources_1/new/display_mux.vhd:4' bound to instance 'display_mux1' of component 'display_mux' [C:/Users/Utilizador/Desktop/calculadora/calculadora_final/calculadora_final.srcs/sources_1/new/calculadora.vhd:67]
INFO: [Synth 8-638] synthesizing module 'display_mux' [C:/Users/Utilizador/Desktop/calculadora/calculadora_final/calculadora_final.srcs/sources_1/new/display_mux.vhd:16]
INFO: [Synth 8-256] done synthesizing module 'display_mux' (4#1) [C:/Users/Utilizador/Desktop/calculadora/calculadora_final/calculadora_final.srcs/sources_1/new/display_mux.vhd:16]
INFO: [Synth 8-256] done synthesizing module 'calculadora' (5#1) [C:/Users/Utilizador/Desktop/calculadora/calculadora_final/calculadora_final.srcs/sources_1/new/calculadora.vhd:16]
---------------------------------------------------------------------------------
Finished RTL Elaboration : Time (s): cpu = 00:00:07 ; elapsed = 00:00:08 . Memory (MB): peak = 1016.203 ; gain = 0.000
---------------------------------------------------------------------------------
---------------------------------------------------------------------------------
Start Handling Custom Attributes
---------------------------------------------------------------------------------
---------------------------------------------------------------------------------
Finished Handling Custom Attributes : Time (s): cpu = 00:00:08 ; elapsed = 00:00:09 . Memory (MB): peak = 1016.203 ; gain = 0.000
---------------------------------------------------------------------------------
---------------------------------------------------------------------------------
Finished RTL Optimization Phase 1 : Time (s): cpu = 00:00:08 ; elapsed = 00:00:09 . Memory (MB): peak = 1016.203 ; gain = 0.000
---------------------------------------------------------------------------------
Netlist sorting complete. Time (s): cpu = 00:00:00 ; elapsed = 00:00:00.002 . Memory (MB): peak = 1016.203 ; gain = 0.000
INFO: [Project 1-570] Preparing netlist for logic optimization

Processing XDC Constraints
Initializing timing engine
Parsing XDC File [C:/Users/Utilizador/Desktop/calculadora/calculadora_final/calculadora_final.srcs/constrs_1/imports/Preparação TP3/pynq-z2_v1.0.xdc]
Finished Parsing XDC File [C:/Users/Utilizador/Desktop/calculadora/calculadora_final/calculadora_final.srcs/constrs_1/imports/Preparação TP3/pynq-z2_v1.0.xdc]
INFO: [Project 1-236] Implementation specific constraints were found while reading constraint file [C:/Users/Utilizador/Desktop/calculadora/calculadora_final/calculadora_final.srcs/constrs_1/imports/Preparação TP3/pynq-z2_v1.0.xdc]. These constraints will be ignored for synthesis but will be used in implementation. Impacted constraints are listed in the file [.Xil/calculadora_propImpl.xdc].
Resolution: To avoid this warning, move constraints listed in [.Xil/calculadora_propImpl.xdc] to another XDC file and exclude this new file from synthesis with the used_in_synthesis property (File Properties dialog in GUI) and re-run elaboration/synthesis.
Completed Processing XDC Constraints

Netlist sorting complete. Time (s): cpu = 00:00:00 ; elapsed = 00:00:00 . Memory (MB): peak = 1016.203 ; gain = 0.000
INFO: [Project 1-111] Unisim Transformation Summary:
No Unisim elements were transformed.

Constraint Validation Runtime : Time (s): cpu = 00:00:00 ; elapsed = 00:00:00.005 . Memory (MB): peak = 1016.203 ; gain = 0.000
---------------------------------------------------------------------------------
Finished Constraint Validation : Time (s): cpu = 00:00:16 ; elapsed = 00:00:18 . Memory (MB): peak = 1016.203 ; gain = 0.000
---------------------------------------------------------------------------------
---------------------------------------------------------------------------------
Start Loading Part and Timing Information
---------------------------------------------------------------------------------
Loading part: xc7z020clg400-1
---------------------------------------------------------------------------------
Finished Loading Part and Timing Information : Time (s): cpu = 00:00:16 ; elapsed = 00:00:18 . Memory (MB): peak = 1016.203 ; gain = 0.000
---------------------------------------------------------------------------------
---------------------------------------------------------------------------------
Start Applying 'set_property' XDC Constraints
---------------------------------------------------------------------------------
---------------------------------------------------------------------------------
Finished applying 'set_property' XDC Constraints : Time (s): cpu = 00:00:16 ; elapsed = 00:00:18 . Memory (MB): peak = 1016.203 ; gain = 0.000
---------------------------------------------------------------------------------
WARNING: [Synth 8-327] inferring latch for variable 'op_A_reg' [C:/Users/Utilizador/Desktop/calculadora/calculadora_final/calculadora_final.srcs/sources_1/new/statemachine.vhd:40]
WARNING: [Synth 8-327] inferring latch for variable 'op_B_reg' [C:/Users/Utilizador/Desktop/calculadora/calculadora_final/calculadora_final.srcs/sources_1/new/statemachine.vhd:59]
WARNING: [Synth 8-327] inferring latch for variable 'op_reg' [C:/Users/Utilizador/Desktop/calculadora/calculadora_final/calculadora_final.srcs/sources_1/new/statemachine.vhd:50]
---------------------------------------------------------------------------------
Finished RTL Optimization Phase 2 : Time (s): cpu = 00:00:16 ; elapsed = 00:00:19 . Memory (MB): peak = 1016.203 ; gain = 0.000
---------------------------------------------------------------------------------
---------------------------------------------------------------------------------
Start RTL Component Statistics 
---------------------------------------------------------------------------------
Detailed RTL Component Info : 
+---Adders : 
	   3 Input    4 Bit       Adders := 1     
+---Registers : 
	                2 Bit    Registers := 1     
+---Muxes : 
	   4 Input    4 Bit        Muxes := 2     
	   4 Input    3 Bit        Muxes := 1     
	   7 Input    2 Bit        Muxes := 1     
	   4 Input    1 Bit        Muxes := 7     
---------------------------------------------------------------------------------
Finished RTL Component Statistics 
---------------------------------------------------------------------------------
---------------------------------------------------------------------------------
Start Part Resource Summary
---------------------------------------------------------------------------------
Part Resources:
DSPs: 220 (col length:60)
BRAMs: 280 (col length: RAMB18 60 RAMB36 30)
---------------------------------------------------------------------------------
Finished Part Resource Summary
---------------------------------------------------------------------------------
---------------------------------------------------------------------------------
Start Cross Boundary and Area Optimization
---------------------------------------------------------------------------------
---------------------------------------------------------------------------------
Finished Cross Boundary and Area Optimization : Time (s): cpu = 00:00:19 ; elapsed = 00:00:21 . Memory (MB): peak = 1016.203 ; gain = 0.000
---------------------------------------------------------------------------------
---------------------------------------------------------------------------------
Start Applying XDC Timing Constraints
---------------------------------------------------------------------------------
---------------------------------------------------------------------------------
Finished Applying XDC Timing Constraints : Time (s): cpu = 00:00:28 ; elapsed = 00:00:31 . Memory (MB): peak = 1016.203 ; gain = 0.000
---------------------------------------------------------------------------------
---------------------------------------------------------------------------------
Start Timing Optimization
---------------------------------------------------------------------------------
---------------------------------------------------------------------------------
Finished Timing Optimization : Time (s): cpu = 00:00:28 ; elapsed = 00:00:31 . Memory (MB): peak = 1016.203 ; gain = 0.000
---------------------------------------------------------------------------------
---------------------------------------------------------------------------------
Start Technology Mapping
---------------------------------------------------------------------------------
---------------------------------------------------------------------------------
Finished Technology Mapping : Time (s): cpu = 00:00:28 ; elapsed = 00:00:31 . Memory (MB): peak = 1016.203 ; gain = 0.000
---------------------------------------------------------------------------------
---------------------------------------------------------------------------------
Start IO Insertion
---------------------------------------------------------------------------------
---------------------------------------------------------------------------------
Start Flattening Before IO Insertion
---------------------------------------------------------------------------------
---------------------------------------------------------------------------------
Finished Flattening Before IO Insertion
---------------------------------------------------------------------------------
---------------------------------------------------------------------------------
Start Final Netlist Cleanup
---------------------------------------------------------------------------------
---------------------------------------------------------------------------------
Finished Final Netlist Cleanup
---------------------------------------------------------------------------------
---------------------------------------------------------------------------------
Finished IO Insertion : Time (s): cpu = 00:00:33 ; elapsed = 00:00:36 . Memory (MB): peak = 1022.117 ; gain = 5.914
---------------------------------------------------------------------------------
---------------------------------------------------------------------------------
Start Renaming Generated Instances
---------------------------------------------------------------------------------
---------------------------------------------------------------------------------
Finished Renaming Generated Instances : Time (s): cpu = 00:00:33 ; elapsed = 00:00:36 . Memory (MB): peak = 1022.117 ; gain = 5.914
---------------------------------------------------------------------------------
---------------------------------------------------------------------------------
Start Rebuilding User Hierarchy
---------------------------------------------------------------------------------
---------------------------------------------------------------------------------
Finished Rebuilding User Hierarchy : Time (s): cpu = 00:00:33 ; elapsed = 00:00:36 . Memory (MB): peak = 1022.117 ; gain = 5.914
---------------------------------------------------------------------------------
---------------------------------------------------------------------------------
Start Renaming Generated Ports
---------------------------------------------------------------------------------
---------------------------------------------------------------------------------
Finished Renaming Generated Ports : Time (s): cpu = 00:00:33 ; elapsed = 00:00:36 . Memory (MB): peak = 1022.117 ; gain = 5.914
---------------------------------------------------------------------------------
---------------------------------------------------------------------------------
Start Handling Custom Attributes
---------------------------------------------------------------------------------
---------------------------------------------------------------------------------
Finished Handling Custom Attributes : Time (s): cpu = 00:00:33 ; elapsed = 00:00:36 . Memory (MB): peak = 1022.117 ; gain = 5.914
---------------------------------------------------------------------------------
---------------------------------------------------------------------------------
Start Renaming Generated Nets
---------------------------------------------------------------------------------
---------------------------------------------------------------------------------
Finished Renaming Generated Nets : Time (s): cpu = 00:00:33 ; elapsed = 00:00:36 . Memory (MB): peak = 1022.117 ; gain = 5.914
---------------------------------------------------------------------------------
---------------------------------------------------------------------------------
Start Writing Synthesis Report
---------------------------------------------------------------------------------

Report BlackBoxes: 
+-+--------------+----------+
| |BlackBox name |Instances |
+-+--------------+----------+
+-+--------------+----------+

Report Cell Usage: 
+------+-------+------+
|      |Cell   |Count |
+------+-------+------+
|1     |BUFG   |     1|
|2     |CARRY4 |     7|
|3     |LUT1   |     1|
|4     |LUT2   |     3|
|5     |LUT3   |     1|
|6     |LUT4   |     1|
|7     |LUT5   |     2|
|8     |LUT6   |     6|
|9     |FDRE   |    29|
|10    |LD     |     6|
|11    |IBUF   |     7|
|12    |OBUF   |    10|
+------+-------+------+
---------------------------------------------------------------------------------
Finished Writing Synthesis Report : Time (s): cpu = 00:00:33 ; elapsed = 00:00:36 . Memory (MB): peak = 1022.117 ; gain = 5.914
---------------------------------------------------------------------------------
Synthesis finished with 0 errors, 0 critical warnings and 3 warnings.
Synthesis Optimization Runtime : Time (s): cpu = 00:00:23 ; elapsed = 00:00:33 . Memory (MB): peak = 1022.117 ; gain = 5.914
Synthesis Optimization Complete : Time (s): cpu = 00:00:34 ; elapsed = 00:00:36 . Memory (MB): peak = 1022.117 ; gain = 5.914
INFO: [Project 1-571] Translating synthesized netlist
Netlist sorting complete. Time (s): cpu = 00:00:00 ; elapsed = 00:00:00.001 . Memory (MB): peak = 1022.117 ; gain = 0.000
INFO: [Netlist 29-17] Analyzing 13 Unisim elements for replacement
INFO: [Netlist 29-28] Unisim Transformation completed in 0 CPU seconds
INFO: [Project 1-570] Preparing netlist for logic optimization
INFO: [Opt 31-138] Pushed 0 inverter(s) to 0 load pin(s).
Netlist sorting complete. Time (s): cpu = 00:00:00 ; elapsed = 00:00:00 . Memory (MB): peak = 1031.941 ; gain = 0.000
INFO: [Project 1-111] Unisim Transformation Summary:
  A total of 6 instances were transformed.
  LD => LDCE: 6 instances

INFO: [Common 17-83] Releasing license: Synthesis
29 Infos, 3 Warnings, 0 Critical Warnings and 0 Errors encountered.
synth_design completed successfully
synth_design: Time (s): cpu = 00:00:42 ; elapsed = 00:00:54 . Memory (MB): peak = 1031.941 ; gain = 15.738
INFO: [Common 17-1381] The checkpoint 'C:/Users/Utilizador/Desktop/calculadora/calculadora_final/calculadora_final.runs/synth_1/calculadora.dcp' has been generated.
INFO: [runtcl-4] Executing : report_utilization -file calculadora_utilization_synth.rpt -pb calculadora_utilization_synth.pb
INFO: [Common 17-206] Exiting Vivado at Fri Jan  5 14:55:27 2024...
