Vivado Simulator 2020.1
Copyright 1986-1999, 2001-2020 Xilinx, Inc. All Rights Reserved.
Running: C:/Xilinx/Vivado/2020.1/bin/unwrapped/win64.o/xelab.exe -wto aa0210536d1e4b0c9d936da734e2dccc --incr --debug typical --relax --mt 2 -L xil_defaultlib -L secureip --snapshot calculadora_behav xil_defaultlib.calculadora -log elaborate.log 
Using 2 slave threads.
Starting static elaboration
WARNING: [VRFC 10-4940] 'clk_divider' remains a black box since it has no binding entity [C:/Users/bruno/Desktop/EEC/2_Ano/1_Semestre/Projeto_de_Sistemas_Digitais/TP3/calculadora/calculadora.srcs/sources_1/new/calculadora.vhd:62]
WARNING: [VRFC 10-4940] 'display_mux' remains a black box since it has no binding entity [C:/Users/bruno/Desktop/EEC/2_Ano/1_Semestre/Projeto_de_Sistemas_Digitais/TP3/calculadora/calculadora.srcs/sources_1/new/calculadora.vhd:63]
Completed static elaboration
Starting simulation data flow analysis
Completed simulation data flow analysis
Time Resolution for simulation is 1ps
Compiling package std.standard
Compiling package std.textio
Compiling package ieee.std_logic_1164
Compiling package ieee.std_logic_arith
Compiling package ieee.std_logic_unsigned
Compiling architecture behavioral of entity xil_defaultlib.statemachine [statemachine_default]
Compiling architecture behavioral of entity xil_defaultlib.ALU [alu_default]
Compiling architecture behavioral of entity xil_defaultlib.calculadora
Built simulation snapshot calculadora_behav
